x64\release\camerautil.cu.obj
x64\release\cudabuildlinearsystem.cu.obj
x64\release\cudabuildlinearsystemrgbd.cu.obj
x64\release\cudaconstant.cu.obj
x64\release\cudahistogramhashsdf.cu.obj
x64\release\cudaholefiller.cu.obj
x64\release\cudaimagehelper.cu.obj
x64\release\cudamarchingcubessdf.cu.obj
x64\release\cudaraycastsdf.cu.obj
x64\release\cudascenerepchunkgrid.cu.obj
x64\release\cudascenerephashsdf.cu.obj
x64\release\scan2cad.cu.obj
x64\release\scancs.cu.obj
d:\github\realtime-scan2cad\depthsensingcuda\x64\release\camerautil.cu.cache
d:\github\realtime-scan2cad\depthsensingcuda\x64\release\cudabuildlinearsystem.cu.cache
d:\github\realtime-scan2cad\depthsensingcuda\x64\release\cudabuildlinearsystemrgbd.cu.cache
d:\github\realtime-scan2cad\depthsensingcuda\x64\release\cudaconstant.cu.cache
d:\github\realtime-scan2cad\depthsensingcuda\x64\release\cudahistogramhashsdf.cu.cache
d:\github\realtime-scan2cad\depthsensingcuda\x64\release\cudaholefiller.cu.cache
d:\github\realtime-scan2cad\depthsensingcuda\x64\release\cudaimagehelper.cu.cache
d:\github\realtime-scan2cad\depthsensingcuda\x64\release\cudamarchingcubessdf.cu.cache
d:\github\realtime-scan2cad\depthsensingcuda\x64\release\cudaraycastsdf.cu.cache
d:\github\realtime-scan2cad\depthsensingcuda\x64\release\cudascenerepchunkgrid.cu.cache
d:\github\realtime-scan2cad\depthsensingcuda\x64\release\cudascenerephashsdf.cu.cache
d:\github\realtime-scan2cad\depthsensingcuda\x64\release\depthsensing.vcxproj.assemblyreference.cache
d:\github\realtime-scan2cad\depthsensingcuda\x64\release\scan2cad.cu.cache
d:\github\realtime-scan2cad\depthsensingcuda\x64\release\scancs.cu.cache
d:\github\realtime-scan2cad\depthsensingcuda\x64\release\camerautil.cu.obj
d:\github\realtime-scan2cad\depthsensingcuda\x64\release\cudabuildlinearsystem.cu.obj
d:\github\realtime-scan2cad\depthsensingcuda\x64\release\cudabuildlinearsystemrgbd.cu.obj
d:\github\realtime-scan2cad\depthsensingcuda\x64\release\cudaconstant.cu.obj
d:\github\realtime-scan2cad\depthsensingcuda\x64\release\cudahistogramhashsdf.cu.obj
d:\github\realtime-scan2cad\depthsensingcuda\x64\release\cudaholefiller.cu.obj
d:\github\realtime-scan2cad\depthsensingcuda\x64\release\cudaimagehelper.cu.obj
d:\github\realtime-scan2cad\depthsensingcuda\x64\release\cudamarchingcubessdf.cu.obj
d:\github\realtime-scan2cad\depthsensingcuda\x64\release\cudaraycastsdf.cu.obj
d:\github\realtime-scan2cad\depthsensingcuda\x64\release\cudascenerepchunkgrid.cu.obj
d:\github\realtime-scan2cad\depthsensingcuda\x64\release\cudascenerephashsdf.cu.obj
d:\github\realtime-scan2cad\depthsensingcuda\x64\release\scan2cad.cu.obj
d:\github\realtime-scan2cad\depthsensingcuda\x64\release\scancs.cu.obj
d:\github\realtime-scan2cad\depthsensingcuda\x64\release\depthsensing.tlog\cudacompile.read.1u.tlog
d:\github\realtime-scan2cad\depthsensingcuda\x64\release\depthsensing.tlog\cudacompile.write.1u.tlog
