  Compiling CUDA source file Source\CameraUtil.cu...
  Compiling CUDA source file Source\CUDASceneRepHashSDF.cu...
  Compiling CUDA source file Source\ScanCS.cu...
  Compiling CUDA source file Source\Scan2CAD\Scan2CAD.cu...
  Compiling CUDA source file Source\CUDAHistogramHashSDF.cu...
  Compiling CUDA source file Source\CUDAConstant.cu...
  Compiling CUDA source file Source\CUDAHoleFiller.cu...
  Compiling CUDA source file Source\CUDAImageHelper.cu...
  Compiling CUDA source file Source\CUDABuildLinearSystem.cu...
  Compiling CUDA source file Source\CUDABuildLinearSystemRGBD.cu...
  Compiling CUDA source file Source\CUDAMarchingCubesSDF.cu...
  Compiling CUDA source file Source\CUDARayCastSDF.cu...
  Compiling CUDA source file Source\CUDASceneRepChunkGrid.cu...
  
  D:\github\Realtime-Scan2CAD\DepthSensingCUDA>"C:\Program Files\NVIDIA GPU Computing Toolkit\CUDA\v11.3\bin\nvcc.exe" -gencode=arch=compute_86,code=\"sm_86,compute_86\" --use-local-env -ccbin "C:\Program Files\Microsoft Visual Studio\2022\Community\VC\Tools\MSVC\14.31.31103\bin\HostX64\x64" -x cu -rdc=true  -IInclude\cutil\inc -I"D:\github\Realtime-Scan2CAD\DepthSensingCUDA" -ISource\DXUT\Optional -ISource\DXUT\Core -ISource\Scan2CAD\DirectXTK\Inc -ISource\Scan2CAD\FX11\inc -I"C:\Program Files\NVIDIA GPU Computing Toolkit\CUDA\v11.3\include" -I"C:\Program Files\NVIDIA GPU Computing Toolkit\CUDA\v11.3\include"     --keep-dir x64\Release -use_fast_math -maxrregcount=62  --machine 64 --compile -cudart static -allow-unsupported-compiler   -DWIN32 -DNDEBUG -D_WINDOWS -DD3DXFX_LARGEADDRESS_HANDLE -D_CRT_SECURE_NO_WARNINGS -DNOMINMAX -D_UNICODE -DUNICODE -Xcompiler "/EHsc /W3 /nologo /Ox /Fdx64\Release\vc143.pdb /FS   /MT " -o x64\Release\ScanCS.cu.obj "D:\github\Realtime-Scan2CAD\DepthSensingCUDA\Source\ScanCS.cu" 
  
  D:\github\Realtime-Scan2CAD\DepthSensingCUDA>"C:\Program Files\NVIDIA GPU Computing Toolkit\CUDA\v11.3\bin\nvcc.exe" -gencode=arch=compute_86,code=\"sm_86,compute_86\" --use-local-env -ccbin "C:\Program Files\Microsoft Visual Studio\2022\Community\VC\Tools\MSVC\14.31.31103\bin\HostX64\x64" -x cu -rdc=true  -IInclude\cutil\inc -I"D:\github\Realtime-Scan2CAD\DepthSensingCUDA" -ISource\DXUT\Optional -ISource\DXUT\Core -ISource\Scan2CAD\DirectXTK\Inc -ISource\Scan2CAD\FX11\inc -I"C:\Program Files\NVIDIA GPU Computing Toolkit\CUDA\v11.3\include" -I"C:\Program Files\NVIDIA GPU Computing Toolkit\CUDA\v11.3\include"     --keep-dir x64\Release -use_fast_math -maxrregcount=62  --machine 64 --compile -cudart static -allow-unsupported-compiler   -DWIN32 -DNDEBUG -D_WINDOWS -DD3DXFX_LARGEADDRESS_HANDLE -D_CRT_SECURE_NO_WARNINGS -DNOMINMAX -D_UNICODE -DUNICODE -Xcompiler "/EHsc /W3 /nologo /Ox /Fdx64\Release\vc143.pdb /FS   /MT " -o x64\Release\CUDAMarchingCubesSDF.cu.obj "D:\github\Realtime-Scan2CAD\DepthSensingCUDA\Source\CUDAMarchingCubesSDF.cu" 
  
  
  D:\github\Realtime-Scan2CAD\DepthSensingCUDA>"C:\Program Files\NVIDIA GPU Computing Toolkit\CUDA\v11.3\bin\nvcc.exe" -gencode=arch=compute_86,code=\"sm_86,compute_86\" --use-local-env -ccbin "C:\Program Files\Microsoft Visual Studio\2022\Community\VC\Tools\MSVC\14.31.31103\bin\HostX64\x64" -x cu -rdc=true  -IInclude\cutil\inc -I"D:\github\Realtime-Scan2CAD\DepthSensingCUDA" -ISource\DXUT\Optional -ISource\DXUT\Core -ISource\Scan2CAD\DirectXTK\Inc -ISource\Scan2CAD\FX11\inc -I"C:\Program Files\NVIDIA GPU Computing Toolkit\CUDA\v11.3\include" -I"C:\Program Files\NVIDIA GPU Computing Toolkit\CUDA\v11.3\include"     --keep-dir x64\Release -use_fast_math -maxrregcount=62  --machine 64 --compile -cudart static -allow-unsupported-compiler   -DWIN32 -DNDEBUG -D_WINDOWS -DD3DXFX_LARGEADDRESS_HANDLE -D_CRT_SECURE_NO_WARNINGS -DNOMINMAX -D_UNICODE -DUNICODE -Xcompiler "/EHsc /W3 /nologo /Ox /Fdx64\Release\vc143.pdb /FS   /MT " -o x64\Release\Scan2CAD.cu.obj "D:\github\Realtime-Scan2CAD\DepthSensingCUDA\Source\Scan2CAD\Scan2CAD.cu" 
  D:\github\Realtime-Scan2CAD\DepthSensingCUDA>"C:\Program Files\NVIDIA GPU Computing Toolkit\CUDA\v11.3\bin\nvcc.exe" -gencode=arch=compute_86,code=\"sm_86,compute_86\" --use-local-env -ccbin "C:\Program Files\Microsoft Visual Studio\2022\Community\VC\Tools\MSVC\14.31.31103\bin\HostX64\x64" -x cu -rdc=true  -IInclude\cutil\inc -I"D:\github\Realtime-Scan2CAD\DepthSensingCUDA" -ISource\DXUT\Optional -ISource\DXUT\Core -ISource\Scan2CAD\DirectXTK\Inc -ISource\Scan2CAD\FX11\inc -I"C:\Program Files\NVIDIA GPU Computing Toolkit\CUDA\v11.3\include" -I"C:\Program Files\NVIDIA GPU Computing Toolkit\CUDA\v11.3\include"     --keep-dir x64\Release -use_fast_math -maxrregcount=62  --machine 64 --compile -cudart static -allow-unsupported-compiler   -DWIN32 -DNDEBUG -D_WINDOWS -DD3DXFX_LARGEADDRESS_HANDLE -D_CRT_SECURE_NO_WARNINGS -DNOMINMAX -D_UNICODE -DUNICODE -Xcompiler "/EHsc /W3 /nologo /Ox /Fdx64\Release\vc143.pdb /FS   /MT " -o x64\Release\CUDARayCastSDF.cu.obj "D:\github\Realtime-Scan2CAD\DepthSensingCUDA\Source\CUDARayCastSDF.cu" 
  
  
  
  D:\github\Realtime-Scan2CAD\DepthSensingCUDA>"C:\Program Files\NVIDIA GPU Computing Toolkit\CUDA\v11.3\bin\nvcc.exe" -gencode=arch=compute_86,code=\"sm_86,compute_86\" --use-local-env -ccbin "C:\Program Files\Microsoft Visual Studio\2022\Community\VC\Tools\MSVC\14.31.31103\bin\HostX64\x64" -x cu -rdc=true  -IInclude\cutil\inc -I"D:\github\Realtime-Scan2CAD\DepthSensingCUDA" -ISource\DXUT\Optional -ISource\DXUT\Core -ISource\Scan2CAD\DirectXTK\Inc -ISource\Scan2CAD\FX11\inc -I"C:\Program Files\NVIDIA GPU Computing Toolkit\CUDA\v11.3\include" -I"C:\Program Files\NVIDIA GPU Computing Toolkit\CUDA\v11.3\include"     --keep-dir x64\Release -use_fast_math -maxrregcount=62  --machine 64 --compile -cudart static -allow-unsupported-compiler   -DWIN32 -DNDEBUG -D_WINDOWS -DD3DXFX_LARGEADDRESS_HANDLE -D_CRT_SECURE_NO_WARNINGS -DNOMINMAX -D_UNICODE -DUNICODE -Xcompiler "/EHsc /W3 /nologo /Ox /Fdx64\Release\vc143.pdb /FS   /MT " -o x64\Release\CUDAHoleFiller.cu.obj "D:\github\Realtime-Scan2CAD\DepthSensingCUDA\Source\CUDAHoleFiller.cu" 
  D:\github\Realtime-Scan2CAD\DepthSensingCUDA>"C:\Program Files\NVIDIA GPU Computing Toolkit\CUDA\v11.3\bin\nvcc.exe" -gencode=arch=compute_86,code=\"sm_86,compute_86\" --use-local-env -ccbin "C:\Program Files\Microsoft Visual Studio\2022\Community\VC\Tools\MSVC\14.31.31103\bin\HostX64\x64" -x cu -rdc=true  -IInclude\cutil\inc -I"D:\github\Realtime-Scan2CAD\DepthSensingCUDA" -ISource\DXUT\Optional -ISource\DXUT\Core -ISource\Scan2CAD\DirectXTK\Inc -ISource\Scan2CAD\FX11\inc -I"C:\Program Files\NVIDIA GPU Computing Toolkit\CUDA\v11.3\include" -I"C:\Program Files\NVIDIA GPU Computing Toolkit\CUDA\v11.3\include"     --keep-dir x64\Release -use_fast_math -maxrregcount=62  --machine 64 --compile -cudart static -allow-unsupported-compiler   -DWIN32 -DNDEBUG -D_WINDOWS -DD3DXFX_LARGEADDRESS_HANDLE -D_CRT_SECURE_NO_WARNINGS -DNOMINMAX -D_UNICODE -DUNICODE -Xcompiler "/EHsc /W3 /nologo /Ox /Fdx64\Release\vc143.pdb /FS   /MT " -o x64\Release\CUDABuildLinearSystem.cu.obj "D:\github\Realtime-Scan2CAD\DepthSensingCUDA\Source\CUDABuildLinearSystem.cu" 
  D:\github\Realtime-Scan2CAD\DepthSensingCUDA>"C:\Program Files\NVIDIA GPU Computing Toolkit\CUDA\v11.3\bin\nvcc.exe" -gencode=arch=compute_86,code=\"sm_86,compute_86\" --use-local-env -ccbin "C:\Program Files\Microsoft Visual Studio\2022\Community\VC\Tools\MSVC\14.31.31103\bin\HostX64\x64" -x cu -rdc=true  -IInclude\cutil\inc -I"D:\github\Realtime-Scan2CAD\DepthSensingCUDA" -ISource\DXUT\Optional -ISource\DXUT\Core -ISource\Scan2CAD\DirectXTK\Inc -ISource\Scan2CAD\FX11\inc -I"C:\Program Files\NVIDIA GPU Computing Toolkit\CUDA\v11.3\include" -I"C:\Program Files\NVIDIA GPU Computing Toolkit\CUDA\v11.3\include"     --keep-dir x64\Release -use_fast_math -maxrregcount=62  --machine 64 --compile -cudart static -allow-unsupported-compiler   -DWIN32 -DNDEBUG -D_WINDOWS -DD3DXFX_LARGEADDRESS_HANDLE -D_CRT_SECURE_NO_WARNINGS -DNOMINMAX -D_UNICODE -DUNICODE -Xcompiler "/EHsc /W3 /nologo /Ox /Fdx64\Release\vc143.pdb /FS   /MT " -o x64\Release\CUDAConstant.cu.obj "D:\github\Realtime-Scan2CAD\DepthSensingCUDA\Source\CUDAConstant.cu" 
  
  D:\github\Realtime-Scan2CAD\DepthSensingCUDA>"C:\Program Files\NVIDIA GPU Computing Toolkit\CUDA\v11.3\bin\nvcc.exe" -gencode=arch=compute_86,code=\"sm_86,compute_86\" --use-local-env -ccbin "C:\Program Files\Microsoft Visual Studio\2022\Community\VC\Tools\MSVC\14.31.31103\bin\HostX64\x64" -x cu -rdc=true  -IInclude\cutil\inc -I"D:\github\Realtime-Scan2CAD\DepthSensingCUDA" -ISource\DXUT\Optional -ISource\DXUT\Core -ISource\Scan2CAD\DirectXTK\Inc -ISource\Scan2CAD\FX11\inc -I"C:\Program Files\NVIDIA GPU Computing Toolkit\CUDA\v11.3\include" -I"C:\Program Files\NVIDIA GPU Computing Toolkit\CUDA\v11.3\include"     --keep-dir x64\Release -use_fast_math -maxrregcount=62  --machine 64 --compile -cudart static -allow-unsupported-compiler   -DWIN32 -DNDEBUG -D_WINDOWS -DD3DXFX_LARGEADDRESS_HANDLE -D_CRT_SECURE_NO_WARNINGS -DNOMINMAX -D_UNICODE -DUNICODE -Xcompiler "/EHsc /W3 /nologo /Ox /Fdx64\Release\vc143.pdb /FS   /MT " -o x64\Release\CUDAHistogramHashSDF.cu.obj "D:\github\Realtime-Scan2CAD\DepthSensingCUDA\Source\CUDAHistogramHashSDF.cu" 
  
  D:\github\Realtime-Scan2CAD\DepthSensingCUDA>"C:\Program Files\NVIDIA GPU Computing Toolkit\CUDA\v11.3\bin\nvcc.exe" -gencode=arch=compute_86,code=\"sm_86,compute_86\" --use-local-env -ccbin "C:\Program Files\Microsoft Visual Studio\2022\Community\VC\Tools\MSVC\14.31.31103\bin\HostX64\x64" -x cu -rdc=true  -IInclude\cutil\inc -I"D:\github\Realtime-Scan2CAD\DepthSensingCUDA" -ISource\DXUT\Optional -ISource\DXUT\Core -ISource\Scan2CAD\DirectXTK\Inc -ISource\Scan2CAD\FX11\inc -I"C:\Program Files\NVIDIA GPU Computing Toolkit\CUDA\v11.3\include" -I"C:\Program Files\NVIDIA GPU Computing Toolkit\CUDA\v11.3\include"     --keep-dir x64\Release -use_fast_math -maxrregcount=62  --machine 64 --compile -cudart static -allow-unsupported-compiler   -DWIN32 -DNDEBUG -D_WINDOWS -DD3DXFX_LARGEADDRESS_HANDLE -D_CRT_SECURE_NO_WARNINGS -DNOMINMAX -D_UNICODE -DUNICODE -Xcompiler "/EHsc /W3 /nologo /Ox /Fdx64\Release\vc143.pdb /FS   /MT " -o x64\Release\CUDABuildLinearSystemRGBD.cu.obj "D:\github\Realtime-Scan2CAD\DepthSensingCUDA\Source\CUDABuildLinearSystemRGBD.cu" 
  
  D:\github\Realtime-Scan2CAD\DepthSensingCUDA>"C:\Program Files\NVIDIA GPU Computing Toolkit\CUDA\v11.3\bin\nvcc.exe" -gencode=arch=compute_86,code=\"sm_86,compute_86\" --use-local-env -ccbin "C:\Program Files\Microsoft Visual Studio\2022\Community\VC\Tools\MSVC\14.31.31103\bin\HostX64\x64" -x cu -rdc=true  -IInclude\cutil\inc -I"D:\github\Realtime-Scan2CAD\DepthSensingCUDA" -ISource\DXUT\Optional -ISource\DXUT\Core -ISource\Scan2CAD\DirectXTK\Inc -ISource\Scan2CAD\FX11\inc -I"C:\Program Files\NVIDIA GPU Computing Toolkit\CUDA\v11.3\include" -I"C:\Program Files\NVIDIA GPU Computing Toolkit\CUDA\v11.3\include"     --keep-dir x64\Release -use_fast_math -maxrregcount=62  --machine 64 --compile -cudart static -allow-unsupported-compiler   -DWIN32 -DNDEBUG -D_WINDOWS -DD3DXFX_LARGEADDRESS_HANDLE -D_CRT_SECURE_NO_WARNINGS -DNOMINMAX -D_UNICODE -DUNICODE -Xcompiler "/EHsc /W3 /nologo /Ox /Fdx64\Release\vc143.pdb /FS   /MT " -o x64\Release\CameraUtil.cu.obj "D:\github\Realtime-Scan2CAD\DepthSensingCUDA\Source\CameraUtil.cu" 
  
  D:\github\Realtime-Scan2CAD\DepthSensingCUDA>"C:\Program Files\NVIDIA GPU Computing Toolkit\CUDA\v11.3\bin\nvcc.exe" -gencode=arch=compute_86,code=\"sm_86,compute_86\" --use-local-env -ccbin "C:\Program Files\Microsoft Visual Studio\2022\Community\VC\Tools\MSVC\14.31.31103\bin\HostX64\x64" -x cu -rdc=true  -IInclude\cutil\inc -I"D:\github\Realtime-Scan2CAD\DepthSensingCUDA" -ISource\DXUT\Optional -ISource\DXUT\Core -ISource\Scan2CAD\DirectXTK\Inc -ISource\Scan2CAD\FX11\inc -I"C:\Program Files\NVIDIA GPU Computing Toolkit\CUDA\v11.3\include" -I"C:\Program Files\NVIDIA GPU Computing Toolkit\CUDA\v11.3\include"     --keep-dir x64\Release -use_fast_math -maxrregcount=62  --machine 64 --compile -cudart static -allow-unsupported-compiler   -DWIN32 -DNDEBUG -D_WINDOWS -DD3DXFX_LARGEADDRESS_HANDLE -D_CRT_SECURE_NO_WARNINGS -DNOMINMAX -D_UNICODE -DUNICODE -Xcompiler "/EHsc /W3 /nologo /Ox /Fdx64\Release\vc143.pdb /FS   /MT " -o x64\Release\CUDAImageHelper.cu.obj "D:\github\Realtime-Scan2CAD\DepthSensingCUDA\Source\CUDAImageHelper.cu" 
  
  D:\github\Realtime-Scan2CAD\DepthSensingCUDA>"C:\Program Files\NVIDIA GPU Computing Toolkit\CUDA\v11.3\bin\nvcc.exe" -gencode=arch=compute_86,code=\"sm_86,compute_86\" --use-local-env -ccbin "C:\Program Files\Microsoft Visual Studio\2022\Community\VC\Tools\MSVC\14.31.31103\bin\HostX64\x64" -x cu -rdc=true  -IInclude\cutil\inc -I"D:\github\Realtime-Scan2CAD\DepthSensingCUDA" -ISource\DXUT\Optional -ISource\DXUT\Core -ISource\Scan2CAD\DirectXTK\Inc -ISource\Scan2CAD\FX11\inc -I"C:\Program Files\NVIDIA GPU Computing Toolkit\CUDA\v11.3\include" -I"C:\Program Files\NVIDIA GPU Computing Toolkit\CUDA\v11.3\include"     --keep-dir x64\Release -use_fast_math -maxrregcount=62  --machine 64 --compile -cudart static -allow-unsupported-compiler   -DWIN32 -DNDEBUG -D_WINDOWS -DD3DXFX_LARGEADDRESS_HANDLE -D_CRT_SECURE_NO_WARNINGS -DNOMINMAX -D_UNICODE -DUNICODE -Xcompiler "/EHsc /W3 /nologo /Ox /Fdx64\Release\vc143.pdb /FS   /MT " -o x64\Release\CUDASceneRepChunkGrid.cu.obj "D:\github\Realtime-Scan2CAD\DepthSensingCUDA\Source\CUDASceneRepChunkGrid.cu" 
  
  D:\github\Realtime-Scan2CAD\DepthSensingCUDA>"C:\Program Files\NVIDIA GPU Computing Toolkit\CUDA\v11.3\bin\nvcc.exe" -gencode=arch=compute_86,code=\"sm_86,compute_86\" --use-local-env -ccbin "C:\Program Files\Microsoft Visual Studio\2022\Community\VC\Tools\MSVC\14.31.31103\bin\HostX64\x64" -x cu -rdc=true  -IInclude\cutil\inc -I"D:\github\Realtime-Scan2CAD\DepthSensingCUDA" -ISource\DXUT\Optional -ISource\DXUT\Core -ISource\Scan2CAD\DirectXTK\Inc -ISource\Scan2CAD\FX11\inc -I"C:\Program Files\NVIDIA GPU Computing Toolkit\CUDA\v11.3\include" -I"C:\Program Files\NVIDIA GPU Computing Toolkit\CUDA\v11.3\include"     --keep-dir x64\Release -use_fast_math -maxrregcount=62  --machine 64 --compile -cudart static -allow-unsupported-compiler   -DWIN32 -DNDEBUG -D_WINDOWS -DD3DXFX_LARGEADDRESS_HANDLE -D_CRT_SECURE_NO_WARNINGS -DNOMINMAX -D_UNICODE -DUNICODE -Xcompiler "/EHsc /W3 /nologo /Ox /Fdx64\Release\vc143.pdb /FS   /MT " -o x64\Release\CUDASceneRepHashSDF.cu.obj "D:\github\Realtime-Scan2CAD\DepthSensingCUDA\Source\CUDASceneRepHashSDF.cu" 
  device_functions.h is an internal header file and must not be used directly.  This file will be removed in a future CUDA release.  Please use cuda_runtime_api.h or cuda_runtime.h instead.
  device_functions.h is an internal header file and must not be used directly.  This file will be removed in a future CUDA release.  Please use cuda_runtime_api.h or cuda_runtime.h instead.
  device_functions.h is an internal header file and must not be used directly.  This file will be removed in a future CUDA release.  Please use cuda_runtime_api.h or cuda_runtime.h instead.
  device_functions.h is an internal header file and must not be used directly.  This file will be removed in a future CUDA release.  Please use cuda_runtime_api.h or cuda_runtime.h instead.
  device_functions.h is an internal header file and must not be used directly.  This file will be removed in a future CUDA release.  Please use cuda_runtime_api.h or cuda_runtime.h instead.
  device_functions.h is an internal header file and must not be used directly.  This file will be removed in a future CUDA release.  Please use cuda_runtime_api.h or cuda_runtime.h instead.
  device_functions.h is an internal header file and must not be used directly.  This file will be removed in a future CUDA release.  Please use cuda_runtime_api.h or cuda_runtime.h instead.
  device_functions.h is an internal header file and must not be used directly.  This file will be removed in a future CUDA release.  Please use cuda_runtime_api.h or cuda_runtime.h instead.
  device_functions.h is an internal header file and must not be used directly.  This file will be removed in a future CUDA release.  Please use cuda_runtime_api.h or cuda_runtime.h instead.
  device_functions.h is an internal header file and must not be used directly.  This file will be removed in a future CUDA release.  Please use cuda_runtime_api.h or cuda_runtime.h instead.
  device_functions.h is an internal header file and must not be used directly.  This file will be removed in a future CUDA release.  Please use cuda_runtime_api.h or cuda_runtime.h instead.
  device_functions.h is an internal header file and must not be used directly.  This file will be removed in a future CUDA release.  Please use cuda_runtime_api.h or cuda_runtime.h instead.
  device_functions.h is an internal header file and must not be used directly.  This file will be removed in a future CUDA release.  Please use cuda_runtime_api.h or cuda_runtime.h instead.
  device_functions.h is an internal header file and must not be used directly.  This file will be removed in a future CUDA release.  Please use cuda_runtime_api.h or cuda_runtime.h instead.
  device_functions.h is an internal header file and must not be used directly.  This file will be removed in a future CUDA release.  Please use cuda_runtime_api.h or cuda_runtime.h instead.
  device_functions.h is an internal header file and must not be used directly.  This file will be removed in a future CUDA release.  Please use cuda_runtime_api.h or cuda_runtime.h instead.
  device_functions.h is an internal header file and must not be used directly.  This file will be removed in a future CUDA release.  Please use cuda_runtime_api.h or cuda_runtime.h instead.
  device_functions.h is an internal header file and must not be used directly.  This file will be removed in a future CUDA release.  Please use cuda_runtime_api.h or cuda_runtime.h instead.
  device_functions.h is an internal header file and must not be used directly.  This file will be removed in a future CUDA release.  Please use cuda_runtime_api.h or cuda_runtime.h instead.
  device_functions.h is an internal header file and must not be used directly.  This file will be removed in a future CUDA release.  Please use cuda_runtime_api.h or cuda_runtime.h instead.
  device_functions.h is an internal header file and must not be used directly.  This file will be removed in a future CUDA release.  Please use cuda_runtime_api.h or cuda_runtime.h instead.
  device_functions.h is an internal header file and must not be used directly.  This file will be removed in a future CUDA release.  Please use cuda_runtime_api.h or cuda_runtime.h instead.
  device_functions.h is an internal header file and must not be used directly.  This file will be removed in a future CUDA release.  Please use cuda_runtime_api.h or cuda_runtime.h instead.
  device_functions.h is an internal header file and must not be used directly.  This file will be removed in a future CUDA release.  Please use cuda_runtime_api.h or cuda_runtime.h instead.
  device_functions.h is an internal header file and must not be used directly.  This file will be removed in a future CUDA release.  Please use cuda_runtime_api.h or cuda_runtime.h instead.
  device_functions.h is an internal header file and must not be used directly.  This file will be removed in a future CUDA release.  Please use cuda_runtime_api.h or cuda_runtime.h instead.
  device_functions.h is an internal header file and must not be used directly.  This file will be removed in a future CUDA release.  Please use cuda_runtime_api.h or cuda_runtime.h instead.
  device_functions.h is an internal header file and must not be used directly.  This file will be removed in a future CUDA release.  Please use cuda_runtime_api.h or cuda_runtime.h instead.
  device_functions.h is an internal header file and must not be used directly.  This file will be removed in a future CUDA release.  Please use cuda_runtime_api.h or cuda_runtime.h instead.
  device_functions.h is an internal header file and must not be used directly.  This file will be removed in a future CUDA release.  Please use cuda_runtime_api.h or cuda_runtime.h instead.
  device_functions.h is an internal header file and must not be used directly.  This file will be removed in a future CUDA release.  Please use cuda_runtime_api.h or cuda_runtime.h instead.
  device_functions.h is an internal header file and must not be used directly.  This file will be removed in a future CUDA release.  Please use cuda_runtime_api.h or cuda_runtime.h instead.
  device_functions.h is an internal header file and must not be used directly.  This file will be removed in a future CUDA release.  Please use cuda_runtime_api.h or cuda_runtime.h instead.
  device_functions.h is an internal header file and must not be used directly.  This file will be removed in a future CUDA release.  Please use cuda_runtime_api.h or cuda_runtime.h instead.
  device_functions.h is an internal header file and must not be used directly.  This file will be removed in a future CUDA release.  Please use cuda_runtime_api.h or cuda_runtime.h instead.
  device_functions.h is an internal header file and must not be used directly.  This file will be removed in a future CUDA release.  Please use cuda_runtime_api.h or cuda_runtime.h instead.
D:\github\Realtime-Scan2CAD\DepthSensingCUDA\Source\CUDABuildLinearSystemRGBD.cu(167): warning : initial value of reference to non-const must be an lvalue
  
  device_functions.h is an internal header file and must not be used directly.  This file will be removed in a future CUDA release.  Please use cuda_runtime_api.h or cuda_runtime.h instead.
  device_functions.h is an internal header file and must not be used directly.  This file will be removed in a future CUDA release.  Please use cuda_runtime_api.h or cuda_runtime.h instead.
  device_functions.h is an internal header file and must not be used directly.  This file will be removed in a future CUDA release.  Please use cuda_runtime_api.h or cuda_runtime.h instead.
  device_functions.h is an internal header file and must not be used directly.  This file will be removed in a future CUDA release.  Please use cuda_runtime_api.h or cuda_runtime.h instead.
  device_functions.h is an internal header file and must not be used directly.  This file will be removed in a future CUDA release.  Please use cuda_runtime_api.h or cuda_runtime.h instead.
  device_functions.h is an internal header file and must not be used directly.  This file will be removed in a future CUDA release.  Please use cuda_runtime_api.h or cuda_runtime.h instead.
D:\github\Realtime-Scan2CAD\DepthSensingCUDA\Source\CUDASceneRepHashSDF.cu(170): warning : function "tex2D(texture<T, 2, cudaReadModeElementType>, float, float) [with T=float]"
  C:\Program Files\NVIDIA GPU Computing Toolkit\CUDA\v11.3\include\texture_fetch_functions.h(198): here was declared deprecated
  
D:\github\Realtime-Scan2CAD\DepthSensingCUDA\Source\CUDASceneRepHashSDF.cu(395): warning : function "tex2D(texture<T, 2, cudaReadModeElementType>, float, float) [with T=float4]"
  C:\Program Files\NVIDIA GPU Computing Toolkit\CUDA\v11.3\include\texture_fetch_functions.h(198): here was declared deprecated
  
D:\github\Realtime-Scan2CAD\DepthSensingCUDA\Source\CUDASceneRepHashSDF.cu(396): warning : function "tex2D(texture<T, 2, cudaReadModeElementType>, float, float) [with T=float4]"
  C:\Program Files\NVIDIA GPU Computing Toolkit\CUDA\v11.3\include\texture_fetch_functions.h(198): here was declared deprecated
  
D:\github\Realtime-Scan2CAD\DepthSensingCUDA\Source\CUDASceneRepHashSDF.cu(399): warning : function "tex2D(texture<T, 2, cudaReadModeElementType>, float, float) [with T=float4]"
  C:\Program Files\NVIDIA GPU Computing Toolkit\CUDA\v11.3\include\texture_fetch_functions.h(198): here was declared deprecated
  
D:\github\Realtime-Scan2CAD\DepthSensingCUDA\Source\CUDASceneRepHashSDF.cu(400): warning : function "tex2D(texture<T, 2, cudaReadModeElementType>, float, float) [with T=float4]"
  C:\Program Files\NVIDIA GPU Computing Toolkit\CUDA\v11.3\include\texture_fetch_functions.h(198): here was declared deprecated
  
D:\github\Realtime-Scan2CAD\DepthSensingCUDA\Source\CUDASceneRepHashSDF.cu(437): warning : function "tex2D(texture<T, 2, cudaReadModeElementType>, float, float) [with T=float]"
  C:\Program Files\NVIDIA GPU Computing Toolkit\CUDA\v11.3\include\texture_fetch_functions.h(198): here was declared deprecated
  
D:\github\Realtime-Scan2CAD\DepthSensingCUDA\Source\CUDASceneRepHashSDF.cu(440): warning : function "tex2D(texture<T, 2, cudaReadModeElementType>, float, float) [with T=float4]"
  C:\Program Files\NVIDIA GPU Computing Toolkit\CUDA\v11.3\include\texture_fetch_functions.h(198): here was declared deprecated
  
  ScanCS.cu
  CUDAConstant.cu
  Scan2CAD.cu
  CUDAHistogramHashSDF.cu
  CUDAHoleFiller.cu
  CUDAImageHelper.cu
  CUDASceneRepChunkGrid.cu
  CUDABuildLinearSystem.cu
D:\github\Realtime-Scan2CAD\DepthSensingCUDA\Source\CUDABuildLinearSystemRGBD.cu(167): warning : initial value of reference to non-const must be an lvalue
  
  CUDASceneRepHashSDF.cu
  device_functions.h is an internal header file and must not be used directly.  This file will be removed in a future CUDA release.  Please use cuda_runtime_api.h or cuda_runtime.h instead.
  device_functions.h is an internal header file and must not be used directly.  This file will be removed in a future CUDA release.  Please use cuda_runtime_api.h or cuda_runtime.h instead.
  device_functions.h is an internal header file and must not be used directly.  This file will be removed in a future CUDA release.  Please use cuda_runtime_api.h or cuda_runtime.h instead.
  device_functions.h is an internal header file and must not be used directly.  This file will be removed in a future CUDA release.  Please use cuda_runtime_api.h or cuda_runtime.h instead.
  device_functions.h is an internal header file and must not be used directly.  This file will be removed in a future CUDA release.  Please use cuda_runtime_api.h or cuda_runtime.h instead.
  device_functions.h is an internal header file and must not be used directly.  This file will be removed in a future CUDA release.  Please use cuda_runtime_api.h or cuda_runtime.h instead.
  device_functions.h is an internal header file and must not be used directly.  This file will be removed in a future CUDA release.  Please use cuda_runtime_api.h or cuda_runtime.h instead.
  device_functions.h is an internal header file and must not be used directly.  This file will be removed in a future CUDA release.  Please use cuda_runtime_api.h or cuda_runtime.h instead.
  device_functions.h is an internal header file and must not be used directly.  This file will be removed in a future CUDA release.  Please use cuda_runtime_api.h or cuda_runtime.h instead.
  device_functions.h is an internal header file and must not be used directly.  This file will be removed in a future CUDA release.  Please use cuda_runtime_api.h or cuda_runtime.h instead.
  device_functions.h is an internal header file and must not be used directly.  This file will be removed in a future CUDA release.  Please use cuda_runtime_api.h or cuda_runtime.h instead.
D:\github\Realtime-Scan2CAD\DepthSensingCUDA\Source\Scan2CAD\Scan2CAD.cu(127): warning C4305: “=”: 从“double”到“float”截断
  CUDABuildLinearSystemRGBD.cu
  device_functions.h is an internal header file and must not be used directly.  This file will be removed in a future CUDA release.  Please use cuda_runtime_api.h or cuda_runtime.h instead.
  device_functions.h is an internal header file and must not be used directly.  This file will be removed in a future CUDA release.  Please use cuda_runtime_api.h or cuda_runtime.h instead.
  device_functions.h is an internal header file and must not be used directly.  This file will be removed in a future CUDA release.  Please use cuda_runtime_api.h or cuda_runtime.h instead.
  device_functions.h is an internal header file and must not be used directly.  This file will be removed in a future CUDA release.  Please use cuda_runtime_api.h or cuda_runtime.h instead.
  device_functions.h is an internal header file and must not be used directly.  This file will be removed in a future CUDA release.  Please use cuda_runtime_api.h or cuda_runtime.h instead.
  device_functions.h is an internal header file and must not be used directly.  This file will be removed in a future CUDA release.  Please use cuda_runtime_api.h or cuda_runtime.h instead.
  device_functions.h is an internal header file and must not be used directly.  This file will be removed in a future CUDA release.  Please use cuda_runtime_api.h or cuda_runtime.h instead.
  device_functions.h is an internal header file and must not be used directly.  This file will be removed in a future CUDA release.  Please use cuda_runtime_api.h or cuda_runtime.h instead.
  device_functions.h is an internal header file and must not be used directly.  This file will be removed in a future CUDA release.  Please use cuda_runtime_api.h or cuda_runtime.h instead.
  CameraUtil.cu
  device_functions.h is an internal header file and must not be used directly.  This file will be removed in a future CUDA release.  Please use cuda_runtime_api.h or cuda_runtime.h instead.
  device_functions.h is an internal header file and must not be used directly.  This file will be removed in a future CUDA release.  Please use cuda_runtime_api.h or cuda_runtime.h instead.
  device_functions.h is an internal header file and must not be used directly.  This file will be removed in a future CUDA release.  Please use cuda_runtime_api.h or cuda_runtime.h instead.
  device_functions.h is an internal header file and must not be used directly.  This file will be removed in a future CUDA release.  Please use cuda_runtime_api.h or cuda_runtime.h instead.
  device_functions.h is an internal header file and must not be used directly.  This file will be removed in a future CUDA release.  Please use cuda_runtime_api.h or cuda_runtime.h instead.
  device_functions.h is an internal header file and must not be used directly.  This file will be removed in a future CUDA release.  Please use cuda_runtime_api.h or cuda_runtime.h instead.
  device_functions.h is an internal header file and must not be used directly.  This file will be removed in a future CUDA release.  Please use cuda_runtime_api.h or cuda_runtime.h instead.
  device_functions.h is an internal header file and must not be used directly.  This file will be removed in a future CUDA release.  Please use cuda_runtime_api.h or cuda_runtime.h instead.
  CUDARayCastSDF.cu
  CUDAMarchingCubesSDF.cu
  device_functions.h is an internal header file and must not be used directly.  This file will be removed in a future CUDA release.  Please use cuda_runtime_api.h or cuda_runtime.h instead.
  device_functions.h is an internal header file and must not be used directly.  This file will be removed in a future CUDA release.  Please use cuda_runtime_api.h or cuda_runtime.h instead.
  device_functions.h is an internal header file and must not be used directly.  This file will be removed in a future CUDA release.  Please use cuda_runtime_api.h or cuda_runtime.h instead.
  device_functions.h is an internal header file and must not be used directly.  This file will be removed in a future CUDA release.  Please use cuda_runtime_api.h or cuda_runtime.h instead.
  device_functions.h is an internal header file and must not be used directly.  This file will be removed in a future CUDA release.  Please use cuda_runtime_api.h or cuda_runtime.h instead.
  device_functions.h is an internal header file and must not be used directly.  This file will be removed in a future CUDA release.  Please use cuda_runtime_api.h or cuda_runtime.h instead.
  device_functions.h is an internal header file and must not be used directly.  This file will be removed in a future CUDA release.  Please use cuda_runtime_api.h or cuda_runtime.h instead.
  device_functions.h is an internal header file and must not be used directly.  This file will be removed in a future CUDA release.  Please use cuda_runtime_api.h or cuda_runtime.h instead.
  device_functions.h is an internal header file and must not be used directly.  This file will be removed in a future CUDA release.  Please use cuda_runtime_api.h or cuda_runtime.h instead.
  device_functions.h is an internal header file and must not be used directly.  This file will be removed in a future CUDA release.  Please use cuda_runtime_api.h or cuda_runtime.h instead.
  device_functions.h is an internal header file and must not be used directly.  This file will be removed in a future CUDA release.  Please use cuda_runtime_api.h or cuda_runtime.h instead.
  device_functions.h is an internal header file and must not be used directly.  This file will be removed in a future CUDA release.  Please use cuda_runtime_api.h or cuda_runtime.h instead.
  device_functions.h is an internal header file and must not be used directly.  This file will be removed in a future CUDA release.  Please use cuda_runtime_api.h or cuda_runtime.h instead.
  device_functions.h is an internal header file and must not be used directly.  This file will be removed in a future CUDA release.  Please use cuda_runtime_api.h or cuda_runtime.h instead.
cl : 命令行 warning D9014: 值“2833”对于“/wd”无效；假定为“5999”
cl : 命令行 warning D9014: 值“2059”对于“/wd”无效；假定为“5999”
cl : 命令行 warning D9014: 值“2143”对于“/wd”无效；假定为“5999”
cl : 命令行 warning D9014: 值“2238”对于“/wd”无效；假定为“5999”
  stdafx.cpp
D:\github\Realtime-Scan2CAD\DepthSensingCUDA\Source\DXUT\Core\DXUT.h(14,10): fatal error C1083: 无法打开包括文件: “dxsdkver.h”: No such file or directory
